0.0 1.2
0.0 1.2
1.0 1.2
0.0 1.2
1.0 1.2
1.0 1.2
0.0 1.2
1.0 1.2
1.0 1.2
1.0 1.2
1.0 1.2
0.0 1.2
0.0 1.2
1.0 1.2
0.0 1.2
0.0 1.2
0.0 1.2
1.0 1.2
0.0 1.2
0.0 1.2
1.0 1.2
0.0 1.2
1.0 1.2
0.0 1.2
1.0 1.2
0.0 1.2
0.0 1.2
0.0 1.2
1.0 1.2
0.0 1.2
1.0 1.2
0.0 1.2
0.0 1.2
0.0 1.2
1.0 1.2
1.0 1.2
0.0 1.2
1.0 1.2
0.0 1.2
4.0 1.2
0.0 1.2
0.0 1.2
3.0 1.2
0.0 1.2
0.0 1.2
0.0 1.2
1.0 1.2
1.0 1.2
0.0 1.2
0.0 1.2
1.0 1.2
0.0 1.2
0.0 1.2
0.0 1.2
1.0 1.2
0.0 1.2
0.0 1.2
0.0 1.2
1.0 1.2
1.0 1.2
0.0 1.2
0.0 1.2
0.0 1.2
0.0 1.2
1.0 1.2
1.0 1.2
0.0 1.2
0.0 1.2
0.0 1.2
1.0 1.2
0.0 1.2
1.0 1.2
0.0 1.2
0.0 1.2
1.0 1.2
0.0 1.2
15.0 1.2
0.0 1.2
0.0 1.2
1.0 1.2
0.0 1.2
0.0 1.2
1.0 1.2
0.0 1.2
0.0 1.2
1.0 1.2
0.0 1.2
0.0 1.2
1.0 1.2
0.0 1.2
1.0 1.2
0.0 1.2
0.0 1.2
0.0 1.2
1.0 1.2
0.0 1.2
1.0 1.2
1.0 1.2
0.0 1.2
4.0 1.2
1.0 1.2
0.0 1.2
1.0 1.2
1.0 1.2
0.0 1.2
1.0 1.2
1.0 1.2
0.0 1.2
1.0 1.2
1.0 1.2
0.0 1.2
1.0 1.2
0.0 1.2
1.0 1.2
0.0 1.2
0.0 1.2
1.0 1.2
0.0 1.2
0.0 1.2
1.0 1.2
0.0 1.2
0.0 1.2
1.0 1.2
0.0 1.2
0.0 1.2
1.0 1.2
1.0 1.2
0.0 1.2
0.0 1.2
1.0 1.2
0.0 1.2
0.0 1.2
0.0 1.2
0.0 1.2
1.0 1.2
0.0 1.2
1.0 1.2
0.0 1.2
0.0 1.2
0.0 1.2
1.0 1.2
0.0 1.2
1.0 1.2
1.0 1.2
0.0 1.2
0.0 1.2
0.0 1.2
0.0 1.2
1.0 1.2
0.0 1.2
1.0 1.2
0.0 1.2
1.0 1.2
0.0 1.2
0.0 1.2
1.0 1.2
0.0 1.2
1.0 1.2
0.0 1.2
0.0 1.2
5.0 1.2
1.0 1.2
0.0 1.2
0.0 1.2
0.0 1.2
1.0 1.2
1.0 1.2
1.0 1.2
0.0 1.2
1.0 1.2
0.0 1.2
0.0 1.2
1.0 1.2
1.0 1.2
0.0 1.2
0.0 1.2
1.0 1.2
0.0 1.2
0.0 1.2
1.0 1.2
0.0 1.2
1.0 1.2
0.0 1.2
0.0 1.2
1.0 1.2
0.0 1.2
1.0 1.2
1.0 1.2
0.0 1.2
1.0 1.2
0.0 1.2
0.0 1.2
1.0 1.2
0.0 1.2
1.0 1.2
0.0 1.2
16.0 1.2
1.0 1.2
1.0 1.2
0.0 1.2
0.0 1.2
1.0 1.2
0.0 1.2
1.0 1.2
0.0 1.2
0.0 1.2
0.0 1.2
0.0 1.2
1.0 1.2
1.0 1.2
0.0 1.2
0.0 1.2
1.0 1.2
0.0 1.2
0.0 1.2
1.0 1.2
0.0 1.2
1.0 1.2
1.0 1.2
0.0 1.2
0.0 1.2
3.0 1.1
0.0 1.1
1.0 1.1
3.0 1.1
0.0 1.1
0.0 1.1
1.0 1.1
0.0 1.1
0.0 1.1
1.0 1.1
1.0 1.1
0.0 1.1
0.0 1.1
1.0 1.1
0.0 1.1
1.0 1.1
0.0 1.1
0.0 1.1
1.0 1.1
1.0 1.1
0.0 1.1
0.0 1.1
1.0 1.1
0.0 1.1
1.0 1.1
0.0 1.1
1.0 1.1
0.0 1.1
1.0 1.1
0.0 1.1
0.0 1.1
4.0 1.1
0.0 1.1
0.0 1.1
2.0 1.1
0.0 1.1
0.0 1.1
0.0 1.1
1.0 1.1
0.0 1.1
0.0 1.1
1.0 1.1
1.0 1.1
0.0 1.1
1.0 1.1
0.0 1.1
0.0 1.1
0.0 1.1
0.0 1.1
1.0 1.1
1.0 1.1
0.0 1.1
0.0 1.1
1.0 1.1
0.0 1.1
0.0 1.1
0.0 1.1
0.0 1.1
1.0 1.1
0.0 1.1
1.0 1.1
3.0 1.1
0.0 1.1
1.0 1.1
1.0 1.1
0.0 1.1
0.0 1.1
0.0 1.1
1.0 1.1
0.0 1.1
0.0 1.1
0.0 1.1
1.0 1.1
0.0 1.1
1.0 1.1
0.0 1.1
0.0 1.1
2.0 1.1
1.0 1.1
0.0 1.1
1.0 1.1
0.0 1.1
0.0 1.1
0.0 1.1
0.0 1.1
1.0 1.1
0.0 1.1
0.0 1.1
2.0 1.1
0.0 1.1
0.0 1.1
0.0 1.1
1.0 1.1
0.0 1.1
1.0 1.1
10.0 1.1
1.0 1.1
1.0 1.1
0.0 1.1
0.0 1.1
1.0 1.1
0.0 1.1
0.0 1.1
1.0 1.1
1.0 1.1
0.0 1.1
0.0 1.1
1.0 1.1
0.0 1.1
0.0 1.1
1.0 1.1
0.0 1.1
1.0 1.1
0.0 1.1
0.0 1.1
1.0 1.1
0.0 1.1
0.0 1.1
1.0 1.1
0.0 1.1
0.0 1.1
1.0 1.1
0.0 1.1
4.0 1.1
1.0 1.1
0.0 1.1
1.0 1.1
0.0 1.1
0.0 1.1
0.0 1.1
1.0 1.1
0.0 1.1
1.0 1.1
0.0 1.1
0.0 1.1
0.0 1.1
0.0 1.1
1.0 1.1
1.0 1.1
0.0 1.1
1.0 1.1
1.0 1.1
0.0 1.1
0.0 1.1
0.0 1.1
0.0 1.1
0.0 1.1
1.0 1.1
0.0 1.1
0.0 1.1
1.0 1.1
4.0 1.1
1.0 1.1
0.0 1.1
0.0 1.1
0.0 1.1
1.0 1.1
1.0 1.1
0.0 1.1
0.0 1.1
1.0 1.1
0.0 1.1
0.0 1.1
0.0 1.1
1.0 1.1
0.0 1.1
1.0 1.1
0.0 1.1
0.0 1.1
1.0 1.1
0.0 1.1
0.0 1.1
1.0 1.1
1.0 1.1
0.0 1.1
0.0 1.1
1.0 1.1
0.0 1.1
0.0 1.1
1.0 1.1
1.0 1.1
0.0 1.1
0.0 1.1
1.0 1.1
3.0 1.1
2.0 1.1
0.0 1.1
1.0 1.1
1.0 1.1
0.0 1.1
0.0 1.1
0.0 1.1
1.0 1.1
0.0 1.1
0.0 1.1
1.0 1.1
0.0 1.1
3.0 1.1
0.0 1.1
1.0 1.1
2.0 1.1
1.0 1.1
0.0 1.1
1.0 1.1
0.0 1.1
1.0 1.1
0.0 1.1
1.0 1.1
0.0 1.1
0.0 1.1
1.0 1.1
0.0 1.1
0.0 1.1
1.0 1.1
0.0 1.1
11.0 1.2
0.0 1.2
0.0 1.2
1.0 1.2
1.0 1.2
0.0 1.2
0.0 1.2
1.0 1.2
0.0 1.2
0.0 1.2
0.0 1.2
0.0 1.2
0.0 1.2
1.0 1.2
0.0 1.2
0.0 1.2
1.0 1.2
0.0 1.2
0.0 1.2
0.0 1.2
1.0 1.2
0.0 1.2
1.0 1.2
0.0 1.2
0.0 1.2
1.0 1.2
0.0 1.2
1.0 1.2
0.0 1.2
0.0 1.2
4.0 1.2
0.0 1.2
1.0 1.2
0.0 1.2
0.0 1.2
0.0 1.2
1.0 1.2
1.0 1.2
0.0 1.2
0.0 1.2
0.0 1.2
0.0 1.2
0.0 1.2
1.0 1.2
1.0 1.2
0.0 1.2
1.0 1.2
0.0 1.2
0.0 1.2
0.0 1.2
0.0 1.2
1.0 1.2
0.0 1.2
1.0 1.2
0.0 1.2
0.0 1.2
0.0 1.2
4.0 1.2
0.0 1.2
0.0 1.2
1.0 1.2
14.0 1.2
1.0 1.2
0.0 1.2
1.0 1.2
3.0 1.2
0.0 1.2
1.0 1.2
0.0 1.2
1.0 1.2
1.0 1.2
0.0 1.2
0.0 1.2
0.0 1.2
0.0 1.2
0.0 1.2
1.0