siad/6127/1000	2.85352	2.65234
siad/6127/1000	5.12109	4.66211
siad/6127/1000	5.8125	5.61133
siad/6127/1000	8.37305	7.43945
siad/6127/1000	10.5117	9.52539
siad/6127/1000	11.4727	10.8203
siad/6127/1000	13.2773	12.2266
siad/6127/1000	16.0957	14.7871
siad/6127/1000	17.1973	15.8887
siad/6127/1000	18.6562	17.2832
siad/6127/1000	21.627	19.6504
siad/6127/1000	22.5762	20.957
siad/6127/1000	24.1758	22.4922
siad/6127/1000	26.3027	24.0918
siad/6127/1000	28.3008	26.166
siad/6127/1000	29.9004	27.7012
siad/6127/1000	31.6816	29.0195
siad/6127/1000	34.0898	31.375
siad/6127/1000	35.8828	32.9102
siad/6127/1000	37.4707	34.3809
siad/6127/1000	40.084	36.748
siad/6127/1000	41.877	38.6055
siad/6127/1000	43.1074	39.6426
siad/6127/1000	45.668	41.6641
siad/6127/1000	47.7949	44.1367
siad/6127/1000	48.7559	44.8926
siad/6127/1000	51.1641	47.0547
siad/6127/1000	53.7129	49.668
siad/6127/1000	54.5332	50.2305
siad/6127/1000	57.0176	52.4453
siad/6127/1000	59.4375	55.1348
siad/6127/1000	59.9883	55.4805
siad/6127/1000	62.3965	57.6309
siad/6127/1000	65.3555	60.7305
siad/6127/1000	65.7656	61.2051
siad/6127/1000	68.0332	63.2793
siad/6127/1000	71.2734	66.4551
siad/6127/1000	71.6836	66.8008
siad/6127/1000	75.5449	77.1084
siad/6127/1000	103.168	95.4014
siad/6127/1000	103.715	96.0166
siad/6127/1000	105.785	97.7568
siad/6127/1000	108.346	100.499
siad/6127/1000	109.672	102.026
siad/6127/1000	110.914	102.782
siad/6127/1000	113.949	106.175
siad/6127/1000	115.268	107.687
siad/6127/1000	116.088	108.442
siad/6127/1000	119.617	111.296
siad/6127/1000	121.064	113.218
siad/6127/1000	121.885	113.845
siad/6127/1000	124.779	116.546
siad/6127/1000	126.789	118.685
siad/6127/1000	127.34	119.03
siad/6127/1000	130.439	122.001
siad/6127/1000	132.578	124.216
siad/6127/1000	133.061	124.562
siad/6127/1000	135.891	126.917
siad/6127/1000	138.375	129.618
siad/6127/1000	138.785	130.028
siad/6127/1000	141.053	131.909
siad/6127/1000	144.1	135.085
siad/6127/1000	144.51	135.624
siad/6127/1000	146.508	137.159
siad/6127/1000	149.555	140.335
siad/6127/1000	169.346	157.769
siad/6127/1000	170.816	159.304
siad/6127/1000	173.799	162.661
siad/6127/1000	174.684	163.429
siad/6127/1000	192.062	437.768
siad/6127/1000	196.438	480.017
siad/6127/1000	199.223	482.433
siad/6127/1000	203.221	486.384
siad/6127/1000	207.516	509.678
siad/6127/1000	312.118	583.17
siad/6127/1000	314.817	586.221
siad/6127/1000	318.112	589.906
siad/6127/1000	319.278	591.148
siad/6127/1000	319.688	591.559
siad/6127/1000	323.427	594.822
siad/6127/1000	324.874	596.604
siad/6127/1000	325.349	597.283
siad/6127/1000	328.319	599.984
siad/6127/1000	330.112	601.971
siad/6127/1000	331.146	602.943
siad/6127/1000	347.455	612.867
siad/6127/1000	354.833	624.81
siad/6127/1000	356.022	626.056
siad/6127/1000	358.788	628.692
siad/6127/1000	360.452	630.55
siad/6127/1000	361.554	631.522
siad/6127/1000	364.319	634.095
siad/6127/1000	366.112	635.952
siad/6127/1000	367.214	636.989
siad/6127/1000	369.979	639.626
siad/6127/1000	371.837	641.677
siad/6127/1000	372.938	642.714
siad/6127/1000	375.165	644.659
siad/6127/1000	377.304	646.733
siad/6127/1000	379.724	653.517
siad/6127/1000	408.397	674.752
siad/6127/1000	409.728	676.059
siad/6127/1000	410.905	677.172
siad/6127/1000	413.671	679.885
siad/6127/1000	414.909	681.051
siad/6127/1000	416.485	682.703
siad/6127/1000	419.11	684.994
siad/6127/1000	420.481	686.312
siad/6127/1000	422.339	688.105
siad/6127/1000	424.759	690.396
siad/6127/1000	426.271	691.844
siad/6127/1000	427.999	693.701
siad/6127/1000	455.046	715.145
siad/6127/1000	456.577	719.213
siad/6127/1000	458.972	723.92
siad/6127/1000	484.782	745.879
siad/6127/1000	487.927	753.258
siad/6127/1000	489.683	757.01
siad/6127/1000	516.759	775.808
siad/6127/1000	519.892	782.886
siad/6127/1000	521.519	784.731
siad/6127/1000	549.104	806.858
siad/6127/1000	551.704	809.431
siad/6127/1000	553.331	811.481
siad/6127/1000	583.409	834.188
siad/6127/1000	586.161	836.853
siad/6127/1000	587.929	838.968
siad/6127/1000	608.317	855.977
siad/6127/1000	610.97	858.291
siad/6127/1000	612.673	859.803
siad/6127/1000	614.606	861.467
siad/6127/1000	617.079	863.834
siad/6127/1000	618.405	865.406
siad/6127/1000	620.069	867.07
siad/6127/1000	622.899	869.32
siad/6127/1000	624.13	870.422
siad/6127/1000	625.653	871.869
siad/6127/1000	628.548	874.107
siad/6127/1000	629.983	875.631
siad/6127/1000	631.161	876.926
siad/6127/1000	633.774	879.088
siad/6127/1000	635.632	880.752
siad/6127/1000	636.874	882.264
siad/6127/1000	639.552	884.361
siad/6127/1000	641.409	885.832
siad/6127/1000	642.792	887.139
siad/6127/1000	645.47	889.506
siad/6127/1000	647.327	890.912
siad/6127/1000	648.429	892.143
siad/6127/1000	651.323	894.639
siad/6127/1000	652.976	895.969
siad/6127/1000	654.347	897.609
siad/6127/1000	657.036	899.936
siad/6127/1000	658.829	901.535
siad/6127/1000	660.276	903.047
siad/6127/1000	662.685	904.67
siad/6127/1000	664.683	906.475
siad/6127/1000	666.13	908.115
siad/6127/1000	668.462	910.008
siad/6127/1000	670.05	911.455
siad/6127/1000	695.969	928.368
siad/6127/1000	701.691	939.843
siad/6127/1000	703.086	941.237
siad/6127/1000	704.598	942.696
siad/6127/1000	707.082	945.052
siad/6127/1000	708.594	946.306
siad/6127/1000	710.246	947.624
siad/6127/1000	712.936	950.12
siad/6127/1000	714.242	951.298
siad/6127/1000	723.697	1035.28
siad/6127/1000	732.553	1096.66
siad/6127/1000	736.18	1099.42
siad/6127/1000	739.678	1102.94
siad/6127/1000	839.777	1158.73
siad/6127/1000	844.271	1196.24
siad/6127/1000	847.652	1200.11
siad/6127/1000	850.008	1202.59
siad/6127/1000	851.053	1203.5
siad/6127/1000	852.781	1204.75
siad/6127/1000	855.869	1207.86
siad/6127/1000	856.971	1208.71
siad/6127/1000	858.57	1210.36
siad/6127/1000	861.875	1213.21
siad/6127/1000	862.771	1214.17
siad/6127/1000	864.488	1215.7
siad/6127/1000	867.584	1218.27
siad/6127/1000	868.621	1219.44
siad/6127/1000	870.414	1221.04
siad/6127/1000	873.104	1223.2
siad/6127/1000	874.41	1224.44
siad/6127/1000	876.203	1225.92
siad/6127/1000	878.752	1228.08
siad/6127/1000	879.982	1229.51
siad/6127/1000	881.506	1230.63
siad/6127/1000	884.324	1233.07
siad/6127/1000	885.836	1234.98
siad/6127/1000	886.938	1235.82
siad/6127/1000	889.756	1237.92
siad/6127/1000	891.898	1240.44
siad/6127/1000	892.795	1241.13
siad/6127/1000	895.549	1243.38
siad/6127/1000	897.695	1245.71
siad/6127/1000	898.451	1246.34
siad/6127/1000	901.41	1248.65
siad/6127/1000	903.484	1250.85
siad/6127/1000	904.24	1251.42
siad/6127/1000	906.596	1253.17
siad/6127/1000	909.145	1255.87
siad/6127/1000	909.965	1256.63
siad/6127/1000	911.91	1258.1
siad/6127/1000	914.266	1260.24
siad/6127/1000	915.496	1261.82
siad/6127/1000	916.738	1262.87
siad/6127/1000	919.211	1265.23
siad/6127/1000	920.799	1266.61
siad/6127/1000	922.451	1268.02
siad/6127/1000	925	1270.36
siad/6127/1000	926.512	1271.88
siad/6127/1000	928.1	1273.14
siad/6127/1000	930.701	1275.62
siad/6127/1000	932.43	1277.22
siad/6127/1000	933.877	1278.54
siad/6127/1000	964.389	1305.34
siad/6127/1000	966.117	1307.21
siad/6127/1000	967.371	1308.19
siad/6127/1000	969.639	1310.15
siad/6127/1000	971.777	1312.09
siad/6127/1000	972.879	1313
siad/6127/1000	975.421	1315.02
siad/6127/1000	977.841	1317.23
siad/6127/1000	978.942	1318.34
siad/6127/1000	980.735	1319.75
siad/6127/1000	982.874	1321.82
siad/6127/1000	984.47	1323.36
siad/6127/1000	986.392	1324.83
siad/6127/1000	988.466	1326.7
siad/6127/1000	990.604	1328.64
siad/6127/1000	992.462	1330.31
siad/6127/1000	994.19	1332.04
siad/6127/1000	996.048	1333.77
siad/6127/1000	998.187	1335.59
siad/6127/1000	999.979	1337.38
siad/6127/1000	1001.84	1339.11
siad/6127/1000	1003.98	1340.92
siad/6127/1000	1005.7	1342.72
siad/6127/1000	1007.36	1344.04
siad/6127/1000	1010.71	1347.86
siad/6127/1000	1029.84	1363.9
siad/6127/1000	1031.08	1365.06
siad/6127/1000	1033.64	1367.65
siad/6127/1000	1052.6	1384.77
siad/6127/1000	1053.84	1386.15
siad/6127/1000	1056.7	1388.81
siad/6127/1000	1077.82	1406.14
siad/6127/1000	1079.26	1407.92
siad/6127/1000	1082.05	1410.44
siad/6127/1000	1083.46	1411.9
siad/6127/1000	1084.92	1413.48
siad/6127/1000	1088.02	1416
siad/6127/1000	1088.92	1416.76
siad/6127/1000	1103.54	1426.42
siad/6127/1000	1110.52	1436.29
siad/6127/1000	1111.7	1437.47
siad/6127/1000	1113.23	1439.13
siad/6127/1000	1115.98	1441.62
siad/6127/1000	1117.36	1442.94
siad/6127/1000	1118.6	1443.9
siad/6127/1000	1121.71	1446.81
siad/6127/1000	1141.08	1473.7
siad/6127/1000	1142.48	1485.68
siad/6127/1000	1145.25	1488.38
siad/6127/1000	1163.8	1504.56
siad/6127/1000	1164.42	1505.38
siad/6127/1000	1167.32	1507.95
siad/6127/1000	1186.05	1524.04
siad/6127/1000	1186.67	1524.92
siad/6127/1000	1189.24	1527.34
siad/6127/1000	1209.28	1544.67
siad/6127/1000	1209.98	1545.55
siad/6127/1000	1212.28	1548.03
siad/6127/1000	1233.56	1565.18
siad/6127/1000	1234.32	1566.08
siad/6127/1000	1236.33	1567.76
siad/6127/1000	1257.8	1589.62
siad/6127/1000	1258.63	1590.11
siad/6127/1000	1260.3	1591.84
siad/6127/1000	1301.09	1622.67
siad/6127/1000	1301.7	1623.71
siad/6127/1000	1303.44	1625.17
siad/6127/1000	1323.95	1642.34
siad/6127/1000	1326.01	1644.5
siad/6127/1000	1327.26	1645.79
siad/6127/1000	1347.09	1663.37
siad/6127/1000	1348.54	1664.91
siad/6127/1000	1349.31	1665.73
siad/6127/1000	1369.8	1683.18
siad/6127/1000	1371.4	1684.78
siad/6127/1000	1372.15	1685.67
siad/6127/1000	1393.57	1703.01
siad/6127/1000	1395.38	1704.75
siad/6127/1000	1396.14	1705.57
siad/6127/1000	1416.42	1722.67
siad/6127/1000	1418.23	1724.49
siad/6127/1000	1419.34	1725.79
siad/6127/1000	1439.61	1742.79
siad/6127/1000	1441.96	1745.01
siad/6127/1000	1443.27	1746.54
siad/6127/1000	1462.17	1762.65
siad/6127/1000	1464.19	1765.01
siad/6127/1000	1465.92	1766.61
siad/6127/1000	1485.26	1782.65
siad/6127/1000	1487.49	1784.88
siad/6127/1000	1488.88	1786.2
siad/6127/1000	1497.04	1792.76
siad/6127/1000	1499.2	1795.19
siad/6127/1000	1500.46	1796.3
siad/6127/1000	1502.03	1798.02
siad/6127/1000	1504.73	1800.51
siad/6127/1000	1505.77	1801.69
siad/6127/1000	1507.7	1803.55
siad/6127/1000	1509.98	1805.35
siad/6127/1000	1511.44	1807.16
siad/6127/1000	1513.36	1809.08
siad/6127/1000	1514.74	1810.12
siad/6127/1000	1516.83	1812
siad/6127/1000	1518.96	1814.55
siad/6127/1000	1520.06	1815.52
siad/6127/1000	1521.72	1817.12
siad/6127/1000	1524.49	1819.76
siad/6127/1000	1525.59	1820.79
siad/6127/1000	1527.25	1822.46
siad/6127/1000	1530.02	1824.96
siad/6127/1000	1531.12	1825.94
siad/6127/1000	1532.91	1827.6
siad/6127/1000	1535.82	1830.12
siad/6127/1000	1536.65	1830.88
siad/6127/1000	1556.55	1848.17
siad/6127/1000	1558.92	1850.78
siad/6127/1000	1559.75	1851.88
siad/6127/1000	1561.69	1853.28
siad/6127/1000	1564.25	1855.78
siad/6127/1000	1565.35	1856.89
siad/6127/1000	1566.93	1858.47
siad/6127/1000	1569.92	1860.91
siad/6127/1000	1571.47	1863.18
siad/6127/1000	1599.89	1888.61
siad/6127/1000	1601.98	1890.76
siad/6127/1000	1603.71	1892.82
siad/6127/1000	1605.09	1893.93
siad/6127/1000	1607.36	1896.28
siad/6127/1000	1609.37	1898.29
siad/6127/1000	1610.54	1899.26
siad/6127/1000	1613.09	1901.87
siad/6127/1000	1615.24	1903.82
siad/6127/1000	1616.14	1904.7
siad/6127/1000	1618.92	1907.16
siad/6127/1000	1621.05	1909.37
siad/6127/1000	1621.81	1910.06
siad/6127/1000	1624.37	1911.94
siad/6127/1000	1626.65	1914.45
siad/6127/1000	1627.48	1915.33
siad/6127/1000	1629.34	1916.93
siad/6127/1000	1631.91	1919.08
siad/6127/1000	1632.81	1920.26
siad/6127/1000	1634.32	1921.51
siad/6127/1000	1636.82	1924.08
siad/6127/1000	1638.13	1925.2
siad/6127/1000	1639.52	1926.31
siad/6127/1000	1642.36	1928.63
siad/6127/1000	1643.59	1930.01
siad/6127/1000	1645.04	1931.39
siad/6127/1000	1647.46	1933.36
siad/6127/1000	1649.25	1935.09
siad/6127/1000	1650.63	1936.47
siad/6127/1000	1652.98	1938.15
siad/6127/1000	1654.85	1940.43
siad/6127/1000	1656.23	1941.67
siad/6127/1000	1658.15	1943.34
siad/6127/1000	1660.44	1945.64
siad/6127/1000	1661.54	1946.74
siad/6127/1000	1663.68	1948.68
siad/6127/1000	1665.9	1950.55
siad/6127/1000	1666.93	1951.73
siad/6127/1000	1669.28	1953.94
siad/6127/1000	1671.01	1955.68
siad/6127/1000	1689.04	1972.48
siad/6127/1000	1691.28	1974.52
siad/6127/1000	1693.01	1976.39
siad/6127/1000	1694.18	1977.43
siad/6127/1000	1696.46	1979.31
siad/6127/1000	1698.53	1981.24
siad/6127/1000	1700.31	1982.97
siad/6127/1000	1702.45	1984.92
siad/6127/1000	1703.97	1986.1
siad/6127/1000	1705.77	1987.9
siad/6127/1000	1708.17	1990.32
siad/6127/1000	1709.28	1991.42
siad/6127/1000	1711.35	1993.37
siad/6127/1000	1713.9	1995.59
siad/6127/1000	1714.94	1996.36
siad/6127/1000	1716.74	1998.03
siad/6127/1000	1719.56	2000.74
siad/6127/1000	1720.38	2001.37
siad/6127/1000	1722.04	2003.09
siad/6127/1000	1725.22	2005.61
siad/6127/1000	1726.1	2006.51
siad/6127/1000	1753.4	2026.24
siad/6127/1000	1758.07	2035.49
siad/6127/1000	1759.17	2036.66
siad/6127/1000	1760.83	2038.39
siad/6127/1000	1763.32	2040.62
siad/6127/1000	1764.5	2041.72
siad/6127/1000	1766.16	2043.04
siad/6127/1000	1768.71	2045.84
siad/6127/1000	1770.11	2047.43
siad/6127/1000	1771	2048.19
siad/6127/1000	1774.32	2051.32
siad/6127/1000	1775.7	2052.71
siad/6127/1000	1776.46	2053.46
siad/6127/1000	1779.78	2056.17
siad/6127/1000	1781.36	2057.98
siad/6127/1000	1782.12	2058.8
siad/6127/1000	1784.95	2061.24
siad/6127/1000	1787.02	2063.19
siad/6127/1000	1787.78	2063.94
siad/6127/1000	1790.54	2066.12
siad/6127/1000	1792.62	2068.33
siad/6127/1000	1793.38	2069.15
siad/6127/1000	1813.06	2086.56
siad/6127/1000	1815.57	2089.62
siad/6127/1000	1816.33	2090.1
siad/6127/1000	1817.9	2091.56
siad/6127/1000	1821.24	2094.57
siad/6127/1000	1821.45	2094.84
siad/6127/1000	1823.3	2096.57
siad/6127/1000	1826.56	2099.51
siad/6127/1000	1826.97	2099.98
siad/6127/1000	1828.82	2101.7
siad/6127/1000	1832.01	2104.49
siad/6127/1000	1832.63	2105.45
siad/6127/1000	1834.2	2106.83
siad/6127/1000	1837.25	2109.48
siad/6127/1000	1838.29	2110.79
siad/6127/1000	1839.59	2111.95
siad/6127/1000	1842.42	2114.33
siad/6127/1000	1843.95	2116.06
siad/6127/1000	1845.11	2117.1
siad/6127/1000	1847.88	2119.53
siad/6127/1000	1849.61	2121.53
siad/6127/1000	1851.07	2123.15
siad/6127/1000	1851.07	2123.15
siad/6127/1000	1851.07	2123.15
siad/6127/1000	1851.07	2123.15
siad/6127/1000	1851.07	2123.15
siad/6127/1000	1851.07	2123.15
siad/6127/1000	1851.07	2123.15
siad/6127/1000	1851.07	2123.15
siad/6127/1000	1851.07	2123.15
siad/6127/1000	1851.07	2123.15
siad/6127/1000	1851.07	2123.15
siad/6127/1000	1851.07	2123.15
siad/6127/1000	1851.07	2123.15
siad/6127/1000	1851.07	2123.15
siad/6127/1000	1851.07	2123.15
siad/6127/1000	1851.07	2123.15
siad/6127/1000	1851.07	2123.15
siad/6127/1000	1851.07	2123.15
siad/6127/1000	1851.07	2123.15
siad/6127/1000	1851.07	2123.15
siad/6127/1000	1851.07	2123.15
siad/6127/1000	1851.07	2123.15
siad/6127/1000	1851.07	2123.15
siad/6127/1000	1851.07	2123.15
siad/6127/1000	1851.07	2123.15
siad/6127/1000	1851.07	2123.15
siad/6127/1000	1851.07	2123.15
siad/6127/1000	1851.07	2123.15
siad/6127/1000	1851.07	2123.15
siad/6127/1000	1851.07	2123.15
siad/6127/1000	1851.07	2123.15
siad/6127/1000	1851.07	2123.15
siad/6127/1000	1851.07	2123.15
siad/6127/1000	1851.07	2123.15
siad/6127/1000	1851.07	2123.15
siad/6127/1000	1851.07	2123.15
siad/6127/1000	1851.07	2123.15
siad/6127/1000	1851.07	2123.15
siad/6127/1000	1851.07	2123.15
siad/6127/1000	1851.07	2123.15
siad/6127/1000	1851.07	2123.15
siad/6127/1000	1851.07	2123.15
siad/6127/1000	1851.07	2123.15
siad/6127/1000	1851.07	2123.15
siad/6127/1000	1851.07	2123.15
siad/6127/1000	1851.07	2123.15
siad/6127/1000	1851.07	2123.15
siad/6127/1000	1851.07	2123.15
siad/6127/1000	1851.07	2123.15
siad/6127/1000	1851.07	2123.15
siad/6127/1000	1851.07	2123.15
siad/6127/1000	1851.07	2123.15
siad/6127/1000	1851.07	2123.15
siad/6127/1000	1851.07	2123.15
siad/6127/1000	1851.07	2123.15
siad/6127/1000	1851.07	2123.15
siad/6127/1000	1851.07	2123.15
siad/6127/1000	1851.07	2123.15
siad/6127/1000	1851.07	2123.15
siad/6127/1000	1851.07	2123.15
siad/6127/1000	1851.07	2123.15
siad/6127/1000	1851.07	2123.15
siad/6127/1000	1851.07	2123.15
siad/6127/1000	1851.07	2123.15
siad/6127/1000	1851.07	2123.15
siad/6127/1000	1851.07	2123.15
siad/6127/1000	1851.07	2123.15
siad/6127/1000	1851.07	2123.15
siad/6127/1000	1851.07	2123.15
siad/6127/1000	1851.07	2123.15
siad/6127/1000	1851.07	2123.15
siad/6127/1000	1851.07	2123.15
siad/6127/1000	1851.07	2123.15
siad/6127/1000	1851.07	2123.15
siad/6127/1000	1851.07	2123.15
siad/6127/1000	1851.07	2123.15
siad/6127/1000	1851.07	2123.15
siad/6127/1000	1851.07	2123.15
siad/6127/1000	1851.07	2123.15
siad/6127/1000	1851.07	2123.15
siad/6127/1000	1851.07	2123.15
siad/6127/1000	1851.07	2123.15
siad/6127/1000	1851.07	