87524 87532 88508
87524 87532 88508
87524 87532 88508
87524 87532 88508
87524 87532 88508
87524 87532 88508
87524 87532 88508
87524 87532 88508
87524 87532 88508
87524 87532 88508
87524 87532 88508
87524 87532 88508
87524 87532 88508
87524 87532 88508
87556 87564 88540
87556 87564 88540
87556 87564 88540
87556 87564 88540
87556 87564 88540
87556 87564 88540
87556 87564 88540
87556 87564 88540
87556 87564 88540
87556 87564 88540
87556 87564 88540
87556 87564 88540
87556 87564 88540
87556 87564 88540
87556 87564 88540
87556 87564 88540
87556 87564 88540
87556 87564 88540
87556 87564 88540
87556 87564 88540
87556 87564 88540
87556 87564 88540
87556 87564 88540
87556 87564 88540
87556 87564 88540
87556 87564 88540
87556 87564 88540
87556 87564 88540
87556 87564 88540
87556 87564 88540
87556 87564 88540
87556 87563 88540
87556 87564 88540
87556 87564 88540
87556 87564 88540
87556 87564 88540
87556 87564 88540
87556 87564 88540
87556 87564 88540
87556 87564 88540
87556 87564 88540
87556 87564 88540
87556 87564 88540
87556 87564 88540
87556 87565 88540
