92456 92464 93440
92456 92464 93440
92456 92464 93440
92456 92464 93440
92456 92464 93440
92456 92464 93440
93496 93504 94480
93496 93504 94480
93496 93504 94480
93496 93504 94480
93496 93504 94480
93496 93504 94480
93496 93504 94480
93496 93504 94480
93496 93504 94480
93496 93504 94480
93496 93504 94480
93496 93504 94480
93496 93504 94480
93496 93504 94480
93496 93504 94480
93496 93504 94480
93496 93504 94480
93496 93504 94480
93540 93548 94524
93540 93548 94524
93540 93548 94524
93540 93548 94524
93540 93548 94524
93540 93548 94524
93540 93548 94524
93540 93548 94524
93540 93548 94524
93540 93548 94524
93540 93548 94524
93540 93548 94524
93540 93548 94524
93540 93548 94524
93540 93548 94524
93540 93548 94524
93540 93548 94524
93576 93584 94560
93576 93584 94560
93596 93604 94580
93996 94004 94980
93996 94004 94980
94160 94168 95144
94160 94168 95144
94160 94168 95144
94160 94168 95144
94160 94168 95144
94160 94168 95144
94160 94168 95144
94160 94168 95144
94192 94200 95176
94192 94200 95176
94192 94200 95176
94192 94200 95176
94192 94200 95176
94192 94200 95176
94192 94200 95176
94192 94200 95176
94244 94253 95228
