90004 90012 90988
90004 90012 90988
90004 90012 90988
90004 90012 90988
90004 90012 90988
90004 90012 90988
90004 90012 90988
90004 90012 90988
90004 90012 90988
90004 90012 90988
90004 90012 90988
90004 90012 90988
90004 90012 90988
90004 90012 90988
90004 90012 90988
90004 90012 90988
90004 90012 90988
90004 90012 90988
90004 90012 90988
90004 90012 90988
90004 90012 90988
90004 90012 90988
90040 90048 91024
90040 90048 91024
90080 90088 91064
90080 90088 91064
90120 90128 91104
90148 90156 91132
90148 90156 91132
90176 90184 91160
90176 90184 91160
90216 90224 91200
90216 90224 91200
90256 90264 91240
90292 90300 91276
90292 90300 91276
90316 90324 91300
90316 90324 91300
90360 90368 91344
90364 90372 91348
90408 90416 91392
90436 90444 91420
90844 90852 91828
90844 90852 91828
90872 90880 91856
91064 91072 92048
91064 91072 92048
91068 91076 92052
91104 91112 92088
91104 91112 92088
91104 91112 92088
91132 91140 92116
91132 91140 92116
91160 91168 92144
91160 91168 92144
91192 91200 92176
91220 91228 92204
91220 91228 92204
91252 91260 92236
