95468 95475 96452
95468 95475 96452
95468 95476 96452
95468 95476 96452
95468 95476 96452
95468 95476 96452
95468 95475 96452
95468 95475 96452
95468 95475 96452
95468 95475 96452
95468 95475 96452
95468 95475 96452
95468 95475 96452
95468 95475 96452
95468 95475 96452
95468 95475 96452
95468 95475 96452
95468 95475 96452
95468 95475 96452
95468 95475 96452
95468 95475 96452
95468 95475 96452
95520 95527 96504
95520 95527 96504
95556 95563 96540
95556 95563 96540
95556 95563 96540
95556 95563 96540
95556 95563 96540
95556 95563 96540
95556 95563 96540
95556 95563 96540
95556 95563 96540
95556 95563 96540
95556 95563 96540
95556 95563 96540
95556 95563 96540
95556 95563 96540
95556 95563 96540
95556 95563 96540
95556 95563 96540
95556 95563 96540
95132 95139 96116
95132 95139 96116
95132 95139 96116
95132 95139 96116
95132 95139 96116
95132 95139 96116
95132 95139 96116
95132 95139 96116
95132 95140 96116
95132 95140 96116
95132 95140 96116
95132 95140 96116
95132 95140 96116
95132 95140 96116
95132 95140 96116
95132 95140 96116
95196 95204 96180
95196 95204 96180
95196 95204 96180
95196 95204 96180
95196 95204 96180
95196 95204 96180
95196 95204 96180
95196 95204 96180
95196 95204 96180
95196 95204 96180
95196 95204 96180
95196 95204 96180
95196 95204 96180
95196 95204 96180
95196 95204 96180
95196 95204 96180
95196 95204 96180
95196 95204 96180
95196 95204 96180
95196 95204 96180
95196 95204 96180
95196 95204 96180
95196 95204 96180
95196 95204 96180
95196 95204 96180
95196 95204 96180
95196 95204 96180
95196 95204 96180
95196 95204 96180
95196 95204 96180
95196 95204 96180
95196 95204 96180
95196 95204 96180
95196 95204 96180
95196 95205 96180
95196 95205 96180
95248 95257 96232
95248 95257 96232
95248 95257 96232
95248 95257 96232
95248 95257 96232
95248 95257 96232
95248 95257 96232
95248 95257 96232
95248 95257 96232
95248 95257 96232
95248 95257 96232
95248 95257 96232
95248 95257 96232
95248 95257 96232
95248 95257 96232
95248 95257 96232
95248 95257 96232
95248 95257 96232
95248 95257 96232
95248 95257 96232
95264 95273 96248
95272 95281 96256
95272 95281 96256
95272 95281 96256
95272 95280 96256
95272 95281 96256
95272 95281 96256
95272 95281 96256
95272 95281 96256
95272 95281 96256
95272 95280 96256
95272 95281 96256
95272 95281 96256
95272 95281 96256
95272 95281 96256
95272 95281 96256
92332 92341 93316
92332 92341 93316
92356 92365 93340
92356 92365 93340
92356 92365 93340
92356 92365 93340
92356 92365 93340
92356 92365 93340
92356 92365 93340
92356 92365 93340
92356 92365 93340
92356 92365 93340
92356 92364 93340
92356 92365 93340
92356 92365 93340
92356 92365 93340
92356 92365 93340
92356 92365 93340
92356 92365 93340
92356 92365 93340
92528 92537 93512
92528 92537 93512
92528 92537 93512
92528 92537 93512
92528 92537 93512
92528 92537 93512
92528 92537 93512
92528 92537 93512
92528 92537 93512
92528 92537 93512
92528 92537 93512
92528 92537 93512
92528 92537 93512
92528 92537 93512
92528 92537 93512
92528 92537 93512
92528 92537 93512
92528 92537 93512
92528 92537 93512
92528 92537 93512
92528 92537 93512
92584 92593 93568
92584 92593 93568
92584 92593 93568
92584 92593 93568
92584 92593 93568
92584 92593 93568
92584 92593 93568
92584 92593 93568
92584 92593 93568
92584 92593 93568
92584 92593 93568
92584 92593 93568
92584 92593 93568
92584 92593 93568
92584 92593 93568
92584 92593 93568
92584 92593 93568
92584 92593 93568
92584 92593 93568
92584 92593 93568
92584 92593 93568
92584 92593 93568
92584 92593 93568
92584 92593 93568
92848 92857 93832
92848 92857 93832
92848 92857 93832
92848 92857 93832
92848 92857 93832
92848 92856 93832
92848 92856 93832
92848 92856 93832
92848 92856 93832
92848 92856 93832
92848 92857 93832
92848 92857 93832
92848 92857 93832
92848 92857 93832
92848 92857 93832
92848 92857 93832
92848 92857 93832
92848 92857 93832
92848 92857 93832
92912 92921 93896
92912 92921 93896
92912 92921 93896
92912 92920 93896
92912 92921 93896
92912 92921 93896
92912 92921 93896
92912 92921 93896
92912 92921 93896
92912 92921 93896
92912 92921 93896
92912 92921 93896
92912 92921 93896
92912 92921 93896
92912 92921 93896
92912 92921 93896
92912 92921 93896
92912 92921 93896
92912 92921 93896
